0 info it worked if it ends with ok
1 verbose cli [ '/usr/local/bin/node',
1 verbose cli   '/usr/local/bin/npm',
1 verbose cli   'owner',
1 verbose cli   'ls',
1 verbose cli   'pancakejs' ]
2 info using npm@1.3.24
3 info using node@v0.10.25
4 verbose url raw pancakejs
5 verbose url resolving [ 'https://registry.npmjs.org/', './pancakejs' ]
6 verbose url resolved https://registry.npmjs.org/pancakejs
7 info trying registry request attempt 1 at 03:21:04
8 http GET https://registry.npmjs.org/pancakejs
9 http 404 https://registry.npmjs.org/pancakejs
10 silly registry.get cb [ 404,
10 silly registry.get   { date: 'Sun, 26 Jan 2014 08:21:06 GMT',
10 silly registry.get     server: 'CouchDB/1.5.0 (Erlang OTP/R15B03)',
10 silly registry.get     'content-type': 'application/json',
10 silly registry.get     'cache-control': 'max-age=0',
10 silly registry.get     'content-length': '52',
10 silly registry.get     'accept-ranges': 'bytes',
10 silly registry.get     via: '1.1 varnish',
10 silly registry.get     age: '0',
10 silly registry.get     'x-served-by': 'cache-jfk1032-JFK',
10 silly registry.get     'x-cache': 'MISS',
10 silly registry.get     'x-cache-hits': '0',
10 silly registry.get     'x-timer': 'S1390724466.303648949,VS0,VE55',
10 silly registry.get     'keep-alive': 'timeout=10, max=50',
10 silly registry.get     connection: 'Keep-Alive' } ]
11 error owner ls Couldn't get owner data pancakejs
12 error 404 'pancakejs' is not in the npm registry.
12 error 404 You should bug the author to publish it
12 error 404
12 error 404 Note that you can also install from a
12 error 404 tarball, folder, or http url, or git url.
13 error System Linux 3.8.11
14 error command "/usr/local/bin/node" "/usr/local/bin/npm" "owner" "ls" "pancakejs"
15 error cwd /home/chronos/user/Downloads/Code/Pancake
16 error node -v v0.10.25
17 error npm -v 1.3.24
18 error code E404
19 verbose exit [ 1, true ]
